# JRE version: Java(TM) SE Runtime Environment (8.0_241-b07) (build 1.8.0_241-b07)
# Java VM: Java HotSpot(TM) 64-Bit Server VM (25.241-b07 mixed mode windows-amd64 compressed oops)
Heap:
 PSYoungGen      total 153600K, used 36363K [0x00000000f5580000, 0x00000000ffc00000, 0x0000000100000000)
  eden space 144896K, 20% used [0x00000000f5580000,0x00000000f72b01b0,0x00000000fe300000)
  from space 8704K, 74% used [0x00000000ff380000,0x00000000ff9d2b30,0x00000000ffc00000)
  to   space 12800K, 0% used [0x00000000fe300000,0x00000000fe300000,0x00000000fef80000)
 ParOldGen       total 175104K, used 15105K [0x00000000e0000000, 0x00000000eab00000, 0x00000000f5580000)
  object space 175104K, 8% used [0x00000000e0000000,0x00000000e0ec0678,0x00000000eab00000)
 Metaspace       used 40225K, capacity 42208K, committed 42368K, reserved 1085440K
  class space    used 5754K, capacity 6184K, committed 6272K, reserved 1048576K
GC Heap History (10 events):
Event: 8.270 GC heap before
{Heap before GC invocations=6 (full 1):
 PSYoungGen      total 76288K, used 65536K [0x00000000f5580000, 0x00000000fea80000, 0x0000000100000000)
  eden space 65536K, 100% used [0x00000000f5580000,0x00000000f9580000,0x00000000f9580000)
  from space 10752K, 0% used [0x00000000fa000000,0x00000000fa000000,0x00000000faa80000)
  to   space 10752K, 0% used [0x00000000f9580000,0x00000000f9580000,0x00000000fa000000)
 ParOldGen       total 175104K, used 9953K [0x00000000e0000000, 0x00000000eab00000, 0x00000000f5580000)
  object space 175104K, 5% used [0x00000000e0000000,0x00000000e09b85d8,0x00000000eab00000)
 Metaspace       used 24336K, capacity 25220K, committed 25472K, reserved 1071104K
  class space    used 3644K, capacity 3870K, committed 3968K, reserved 1048576K
Event: 8.275 GC heap after
Heap after GC invocations=6 (full 1):
 PSYoungGen      total 76288K, used 4745K [0x00000000f5580000, 0x00000000fd180000, 0x0000000100000000)
  eden space 65536K, 0% used [0x00000000f5580000,0x00000000f5580000,0x00000000f9580000)
  from space 10752K, 44% used [0x00000000f9580000,0x00000000f9a224c0,0x00000000fa000000)
  to   space 13312K, 0% used [0x00000000fc480000,0x00000000fc480000,0x00000000fd180000)
 ParOldGen       total 175104K, used 9961K [0x00000000e0000000, 0x00000000eab00000, 0x00000000f5580000)
  object space 175104K, 5% used [0x00000000e0000000,0x00000000e09ba5d8,0x00000000eab00000)
 Metaspace       used 24336K, capacity 25220K, committed 25472K, reserved 1071104K
  class space    used 3644K, capacity 3870K, committed 3968K, reserved 1048576K
}
Event: 9.940 GC heap before
{Heap before GC invocations=7 (full 1):
 PSYoungGen      total 76288K, used 70281K [0x00000000f5580000, 0x00000000fd180000, 0x0000000100000000)
  eden space 65536K, 100% used [0x00000000f5580000,0x00000000f9580000,0x00000000f9580000)
  from space 10752K, 44% used [0x00000000f9580000,0x00000000f9a224c0,0x00000000fa000000)
  to   space 13312K, 0% used [0x00000000fc480000,0x00000000fc480000,0x00000000fd180000)
 ParOldGen       total 175104K, used 9961K [0x00000000e0000000, 0x00000000eab00000, 0x00000000f5580000)
  object space 175104K, 5% used [0x00000000e0000000,0x00000000e09ba5d8,0x00000000eab00000)
 Metaspace       used 32681K, capacity 34020K, committed 34176K, reserved 1079296K
  class space    used 4636K, capacity 4942K, committed 4992K, reserved 1048576K
Event: 9.950 GC heap after
Heap after GC invocations=7 (full 1):
 PSYoungGen      total 111616K, used 9964K [0x00000000f5580000, 0x00000000fd080000, 0x0000000100000000)
  eden space 99328K, 0% used [0x00000000f5580000,0x00000000f5580000,0x00000000fb680000)
  from space 12288K, 81% used [0x00000000fc480000,0x00000000fce3b0f0,0x00000000fd080000)
  to   space 13312K, 0% used [0x00000000fb680000,0x00000000fb680000,0x00000000fc380000)
 ParOldGen       total 175104K, used 9969K [0x00000000e0000000, 0x00000000eab00000, 0x00000000f5580000)
  object space 175104K, 5% used [0x00000000e0000000,0x00000000e09bc5d8,0x00000000eab00000)
 Metaspace       used 32681K, capacity 34020K, committed 34176K, reserved 1079296K
  class space    used 4636K, capacity 4942K, committed 4992K, reserved 1048576K
}
Event: 10.285 GC heap before
{Heap before GC invocations=8 (full 1):
 PSYoungGen      total 111616K, used 38569K [0x00000000f5580000, 0x00000000fd080000, 0x0000000100000000)
  eden space 99328K, 28% used [0x00000000f5580000,0x00000000f716f380,0x00000000fb680000)
  from space 12288K, 81% used [0x00000000fc480000,0x00000000fce3b0f0,0x00000000fd080000)
  to   space 13312K, 0% used [0x00000000fb680000,0x00000000fb680000,0x00000000fc380000)
 ParOldGen       total 175104K, used 9969K [0x00000000e0000000, 0x00000000eab00000, 0x00000000f5580000)
  object space 175104K, 5% used [0x00000000e0000000,0x00000000e09bc5d8,0x00000000eab00000)
 Metaspace       used 33911K, capacity 35324K, committed 35456K, reserved 1079296K
  class space    used 4852K, capacity 5150K, committed 5248K, reserved 1048576K
Event: 10.298 GC heap after
Heap after GC invocations=8 (full 1):
 PSYoungGen      total 112640K, used 7757K [0x00000000f5580000, 0x0000000100000000, 0x0000000100000000)
  eden space 99328K, 0% used [0x00000000f5580000,0x00000000f5580000,0x00000000fb680000)
  from space 13312K, 58% used [0x00000000fb680000,0x00000000fbe13768,0x00000000fc380000)
  to   space 12800K, 0% used [0x00000000ff380000,0x00000000ff380000,0x0000000100000000)
 ParOldGen       total 175104K, used 9977K [0x00000000e0000000, 0x00000000eab00000, 0x00000000f5580000)
  object space 175104K, 5% used [0x00000000e0000000,0x00000000e09be5d8,0x00000000eab00000)
 Metaspace       used 33911K, capacity 35324K, committed 35456K, reserved 1079296K
  class space    used 4852K, capacity 5150K, committed 5248K, reserved 1048576K
}
Event: 10.298 GC heap before
{Heap before GC invocations=9 (full 2):
 PSYoungGen      total 112640K, used 7757K [0x00000000f5580000, 0x0000000100000000, 0x0000000100000000)
  eden space 99328K, 0% used [0x00000000f5580000,0x00000000f5580000,0x00000000fb680000)
  from space 13312K, 58% used [0x00000000fb680000,0x00000000fbe13768,0x00000000fc380000)
  to   space 12800K, 0% used [0x00000000ff380000,0x00000000ff380000,0x0000000100000000)
 ParOldGen       total 175104K, used 9977K [0x00000000e0000000, 0x00000000eab00000, 0x00000000f5580000)
  object space 175104K, 5% used [0x00000000e0000000,0x00000000e09be5d8,0x00000000eab00000)
 Metaspace       used 33911K, capacity 35324K, committed 35456K, reserved 1079296K
  class space    used 4852K, capacity 5150K, committed 5248K, reserved 1048576K
Event: 10.364 GC heap after
Heap after GC invocations=9 (full 2):
 PSYoungGen      total 112640K, used 0K [0x00000000f5580000, 0x0000000100000000, 0x0000000100000000)
  eden space 99328K, 0% used [0x00000000f5580000,0x00000000f5580000,0x00000000fb680000)
  from space 13312K, 0% used [0x00000000fb680000,0x00000000fb680000,0x00000000fc380000)
  to   space 12800K, 0% used [0x00000000ff380000,0x00000000ff380000,0x0000000100000000)
 ParOldGen       total 175104K, used 15105K [0x00000000e0000000, 0x00000000eab00000, 0x00000000f5580000)
  object space 175104K, 8% used [0x00000000e0000000,0x00000000e0ec0678,0x00000000eab00000)
 Metaspace       used 33911K, capacity 35324K, committed 35456K, reserved 1079296K
  class space    used 4852K, capacity 5150K, committed 5248K, reserved 1048576K
}
Event: 12.324 GC heap before
{Heap before GC invocations=10 (full 2):
 PSYoungGen      total 112640K, used 99328K [0x00000000f5580000, 0x0000000100000000, 0x0000000100000000)
  eden space 99328K, 100% used [0x00000000f5580000,0x00000000fb680000,0x00000000fb680000)
  from space 13312K, 0% used [0x00000000fb680000,0x00000000fb680000,0x00000000fc380000)
  to   space 12800K, 0% used [0x00000000ff380000,0x00000000ff380000,0x0000000100000000)
 ParOldGen       total 175104K, used 15105K [0x00000000e0000000, 0x00000000eab00000, 0x00000000f5580000)
  object space 175104K, 8% used [0x00000000e0000000,0x00000000e0ec0678,0x00000000eab00000)
 Metaspace       used 39259K, capacity 41032K, committed 41088K, reserved 1085440K
  class space    used 5596K, capacity 5964K, committed 6016K, reserved 1048576K
Event: 12.333 GC heap after
Heap after GC invocations=10 (full 2):
 PSYoungGen      total 153600K, used 6474K [0x00000000f5580000, 0x00000000ffc00000, 0x0000000100000000)
  eden space 144896K, 0% used [0x00000000f5580000,0x00000000f5580000,0x00000000fe300000)
  from space 8704K, 74% used [0x00000000ff380000,0x00000000ff9d2b30,0x00000000ffc00000)
  to   space 12800K, 0% used [0x00000000fe300000,0x00000000fe300000,0x00000000fef80000)
 ParOldGen       total 175104K, used 15105K [0x00000000e0000000, 0x00000000eab00000, 0x00000000f5580000)
  object space 175104K, 8% used [0x00000000e0000000,0x00000000e0ec0678,0x00000000eab00000)
 Metaspace       used 39259K, capacity 41032K, committed 41088K, reserved 1085440K
  class space    used 5596K, capacity 5964K, committed 6016K, reserved 1048576K
}

